[debug] [2025-10-07T01:12:54.079Z] ----------------------------------------------------------------------
[debug] [2025-10-07T01:12:54.086Z] Command:       /usr/local/bin/firebase /home/ccdevs/.cache/firebase/tools/lib/node_modules/firebase-tools/lib/bin/firebase emulators:start
[debug] [2025-10-07T01:12:54.086Z] CLI Version:   14.18.0
[debug] [2025-10-07T01:12:54.087Z] Platform:      linux
[debug] [2025-10-07T01:12:54.087Z] Node Version:  v20.18.2
[debug] [2025-10-07T01:12:54.087Z] Time:          Tue Oct 07 2025 09:12:54 GMT+0800 (Philippine Standard Time)
[debug] [2025-10-07T01:12:54.088Z] ----------------------------------------------------------------------
[debug] 
[debug] [2025-10-07T01:12:54.612Z] > command requires scopes: ["email","openid","https://www.googleapis.com/auth/cloudplatformprojects.readonly","https://www.googleapis.com/auth/firebase","https://www.googleapis.com/auth/cloud-platform"]
[debug] [2025-10-07T01:12:54.613Z] > authorizing via signed-in user (ccwebgroup@gmail.com)
[debug] [2025-10-07T01:12:54.700Z] openjdk version "21.0.8" 2025-07-15

[debug] [2025-10-07T01:12:54.702Z] OpenJDK Runtime Environment (build 21.0.8+9-Ubuntu-0ubuntu125.04.1)
OpenJDK 64-Bit Server VM (build 21.0.8+9-Ubuntu-0ubuntu125.04.1, mixed mode, sharing)

[debug] [2025-10-07T01:12:54.717Z] Parsed Java major version: 21
[info] i  emulators: Starting emulators: auth, firestore {"metadata":{"emulator":{"name":"hub"},"message":"Starting emulators: auth, firestore"}}
[debug] [2025-10-07T01:12:54.726Z] [logging] Logging Emulator only supports listening on one address (127.0.0.1). Not listening on ::1
[debug] [2025-10-07T01:12:54.727Z] [auth] Authentication Emulator only supports listening on one address (127.0.0.1). Not listening on ::1
[debug] [2025-10-07T01:12:54.727Z] [firestore] Firestore Emulator only supports listening on one address (127.0.0.1). Not listening on ::1
[debug] [2025-10-07T01:12:54.727Z] [firestore.websocket] websocket server for firestore only supports listening on one address (127.0.0.1). Not listening on ::1
[debug] [2025-10-07T01:12:54.728Z] assigned listening specs for emulators {"user":{"hub":[{"address":"127.0.0.1","family":"IPv4","port":4400},{"address":"::1","family":"IPv6","port":4400}],"ui":[{"address":"127.0.0.1","family":"IPv4","port":4000},{"address":"::1","family":"IPv6","port":4000}],"logging":[{"address":"127.0.0.1","family":"IPv4","port":4500}],"auth":[{"address":"127.0.0.1","family":"IPv4","port":9099}],"firestore":[{"address":"127.0.0.1","family":"IPv4","port":8080}],"firestore.websocket":[{"address":"127.0.0.1","family":"IPv4","port":9150}]},"metadata":{"message":"assigned listening specs for emulators"}}
[debug] [2025-10-07T01:12:54.738Z] Emulator locator file path: /tmp/hub-calatrava-water-system-50fee.json
[debug] [2025-10-07T01:12:54.738Z] [hub] writing locator at /tmp/hub-calatrava-water-system-50fee.json
[warn] ⚠  firestore: Cloud Firestore Emulator does not support multiple databases yet. {"metadata":{"emulator":{"name":"firestore"},"message":"Cloud Firestore Emulator does not support multiple databases yet."}}
[warn] ⚠  firestore: Did not find a Cloud Firestore rules file specified in a firebase.json config file. {"metadata":{"emulator":{"name":"firestore"},"message":"Did not find a Cloud Firestore rules file specified in a firebase.json config file."}}
[warn] ⚠  firestore: The emulator will default to allowing all reads and writes. Learn more about this option: https://firebase.google.com/docs/emulator-suite/install_and_configure#security_rules_configuration. {"metadata":{"emulator":{"name":"firestore"},"message":"The emulator will default to allowing all reads and writes. Learn more about this option: https://firebase.google.com/docs/emulator-suite/install_and_configure#security_rules_configuration."}}
[debug] [2025-10-07T01:12:54.750Z] Ignoring unsupported arg: auto_download {"metadata":{"emulator":{"name":"firestore"},"message":"Ignoring unsupported arg: auto_download"}}
[debug] [2025-10-07T01:12:54.751Z] Ignoring unsupported arg: single_project_mode_error {"metadata":{"emulator":{"name":"firestore"},"message":"Ignoring unsupported arg: single_project_mode_error"}}
[debug] [2025-10-07T01:12:54.751Z] Starting Firestore Emulator with command {"binary":"java","args":["-Dgoogle.cloud_firestore.debug_log_level=FINE","-Duser.language=en","-jar","/home/ccdevs/.cache/firebase/emulators/cloud-firestore-emulator-v1.19.8.jar","--host","127.0.0.1","--port",8080,"--websocket_port",9150,"--project_id","calatrava-water-system-50fee","--single_project_mode",true],"optionalArgs":["port","webchannel_port","host","rules","websocket_port","functions_emulator","seed_from_export","project_id","single_project_mode"],"joinArgs":false,"shell":false,"port":8080} {"metadata":{"emulator":{"name":"firestore"},"message":"Starting Firestore Emulator with command {\"binary\":\"java\",\"args\":[\"-Dgoogle.cloud_firestore.debug_log_level=FINE\",\"-Duser.language=en\",\"-jar\",\"/home/ccdevs/.cache/firebase/emulators/cloud-firestore-emulator-v1.19.8.jar\",\"--host\",\"127.0.0.1\",\"--port\",8080,\"--websocket_port\",9150,\"--project_id\",\"calatrava-water-system-50fee\",\"--single_project_mode\",true],\"optionalArgs\":[\"port\",\"webchannel_port\",\"host\",\"rules\",\"websocket_port\",\"functions_emulator\",\"seed_from_export\",\"project_id\",\"single_project_mode\"],\"joinArgs\":false,\"shell\":false,\"port\":8080}"}}
[info] i  firestore: Firestore Emulator logging to firestore-debug.log {"metadata":{"emulator":{"name":"firestore"},"message":"Firestore Emulator logging to \u001b[1mfirestore-debug.log\u001b[22m"}}
[debug] [2025-10-07T01:12:57.015Z] Oct 07, 2025 9:12:56 AM com.google.cloud.datastore.emulator.firestore.websocket.WebSocketServer start
INFO: Started WebSocket server on ws://127.0.0.1:9150
 {"metadata":{"emulator":{"name":"firestore"},"message":"Oct 07, 2025 9:12:56 AM com.google.cloud.datastore.emulator.firestore.websocket.WebSocketServer start\nINFO: Started WebSocket server on ws://127.0.0.1:9150\n"}}
[debug] [2025-10-07T01:12:57.060Z] API endpoint: http:// {"metadata":{"emulator":{"name":"firestore"},"message":"API endpoint: http://"}}
[debug] [2025-10-07T01:12:57.060Z] 127.0.0.1:8080
If you are using a library that supports the FIRESTORE_EMULATOR_HOST environment variable, run:

   export FIRESTORE_EMULATOR_HOST=127.0.0.1:8080

If you are running a Firestore in Datastore Mode project, run:

   export DATASTORE_EMULATOR_HOST=127.0.0.1:8080

Note: Support for Datastore Mode is in preview. If you encounter any bugs please file at https://github.com/firebase/firebase-tools/issues.
Dev App Server is now running.

 {"metadata":{"emulator":{"name":"firestore"},"message":"127.0.0.1:8080\nIf you are using a library that supports the FIRESTORE_EMULATOR_HOST environment variable, run:\n\n   export FIRESTORE_EMULATOR_HOST=127.0.0.1:8080\n\nIf you are running a Firestore in Datastore Mode project, run:\n\n   export DATASTORE_EMULATOR_HOST=127.0.0.1:8080\n\nNote: Support for Datastore Mode is in preview. If you encounter any bugs please file at https://github.com/firebase/firebase-tools/issues.\nDev App Server is now running.\n\n"}}
[info] ✔  firestore: Firestore Emulator UI websocket is running on 9150. {"metadata":{"emulator":{"name":"firestore"},"message":"Firestore Emulator UI websocket is running on 9150."}}
[info] i  ui: downloading ui-v1.15.0.zip... {"metadata":{"emulator":{"name":"ui"},"message":"downloading ui-v1.15.0.zip..."}}
[debug] [2025-10-07T01:13:12.524Z] >>> [apiv2][query] GET https://storage.googleapis.com/firebase-preview-drop/emulator/ui-v1.15.0.zip 
[debug] [2025-10-07T01:13:12.942Z] <<< [apiv2][status] GET https://storage.googleapis.com/firebase-preview-drop/emulator/ui-v1.15.0.zip 200
[debug] [2025-10-07T01:13:12.943Z] <<< [apiv2][body] GET https://storage.googleapis.com/firebase-preview-drop/emulator/ui-v1.15.0.zip [stream]
[debug] [2025-10-07T01:13:13.649Z] Data is 3538469
[debug] [2025-10-07T01:13:13.650Z] [unzip] Entry: client/ (compressed_size=0 bytes, uncompressed_size=0 bytes)
[debug] [2025-10-07T01:13:13.650Z] [unzip] Processing entry: client/
[debug] [2025-10-07T01:13:13.650Z] [unzip] mkdir: /home/ccdevs/.cache/firebase/emulators/ui-v1.15.0/client/
[debug] [2025-10-07T01:13:13.654Z] [unzip] Entry: client/favicon-16x16.png (compressed_size=293 bytes, uncompressed_size=293 bytes)
[debug] [2025-10-07T01:13:13.654Z] [unzip] Processing entry: client/favicon-16x16.png
[debug] [2025-10-07T01:13:13.654Z] [unzip] else mkdir: /home/ccdevs/.cache/firebase/emulators/ui-v1.15.0/client
[debug] [2025-10-07T01:13:13.655Z] [unzip] Writing file: /home/ccdevs/.cache/firebase/emulators/ui-v1.15.0/client/favicon-16x16.png
[debug] [2025-10-07T01:13:13.658Z] [unzip] Entry: client/safari-pinned-tab.svg (compressed_size=1433 bytes, uncompressed_size=2611 bytes)
[debug] [2025-10-07T01:13:13.659Z] [unzip] Processing entry: client/safari-pinned-tab.svg
[debug] [2025-10-07T01:13:13.659Z] [unzip] else mkdir: /home/ccdevs/.cache/firebase/emulators/ui-v1.15.0/client
[debug] [2025-10-07T01:13:13.659Z] [unzip] deflating: /home/ccdevs/.cache/firebase/emulators/ui-v1.15.0/client/safari-pinned-tab.svg
[debug] [2025-10-07T01:13:13.669Z] [unzip] Entry: client/favicon.ico (compressed_size=2933 bytes, uncompressed_size=13294 bytes)
[debug] [2025-10-07T01:13:13.669Z] [unzip] Processing entry: client/favicon.ico
[debug] [2025-10-07T01:13:13.669Z] [unzip] else mkdir: /home/ccdevs/.cache/firebase/emulators/ui-v1.15.0/client
[debug] [2025-10-07T01:13:13.670Z] [unzip] deflating: /home/ccdevs/.cache/firebase/emulators/ui-v1.15.0/client/favicon.ico
[debug] [2025-10-07T01:13:13.672Z] [unzip] Entry: client/index.html (compressed_size=1364 bytes, uncompressed_size=3071 bytes)
[debug] [2025-10-07T01:13:13.672Z] [unzip] Processing entry: client/index.html
[debug] [2025-10-07T01:13:13.672Z] [unzip] else mkdir: /home/ccdevs/.cache/firebase/emulators/ui-v1.15.0/client
[debug] [2025-10-07T01:13:13.674Z] [unzip] deflating: /home/ccdevs/.cache/firebase/emulators/ui-v1.15.0/client/index.html
[debug] [2025-10-07T01:13:13.676Z] [unzip] Entry: client/android-chrome-192x192.png (compressed_size=2684 bytes, uncompressed_size=2684 bytes)
[debug] [2025-10-07T01:13:13.676Z] [unzip] Processing entry: client/android-chrome-192x192.png
[debug] [2025-10-07T01:13:13.676Z] [unzip] else mkdir: /home/ccdevs/.cache/firebase/emulators/ui-v1.15.0/client
[debug] [2025-10-07T01:13:13.677Z] [unzip] Writing file: /home/ccdevs/.cache/firebase/emulators/ui-v1.15.0/client/android-chrome-192x192.png
[debug] [2025-10-07T01:13:13.677Z] [unzip] Entry: client/apple-touch-icon.png (compressed_size=2123 bytes, uncompressed_size=2152 bytes)
[debug] [2025-10-07T01:13:13.677Z] [unzip] Processing entry: client/apple-touch-icon.png
[debug] [2025-10-07T01:13:13.677Z] [unzip] else mkdir: /home/ccdevs/.cache/firebase/emulators/ui-v1.15.0/client
[debug] [2025-10-07T01:13:13.678Z] [unzip] deflating: /home/ccdevs/.cache/firebase/emulators/ui-v1.15.0/client/apple-touch-icon.png
[debug] [2025-10-07T01:13:13.680Z] [unzip] Entry: client/android-chrome-512x512.png (compressed_size=5369 bytes, uncompressed_size=5411 bytes)
[debug] [2025-10-07T01:13:13.681Z] [unzip] Processing entry: client/android-chrome-512x512.png
[debug] [2025-10-07T01:13:13.681Z] [unzip] else mkdir: /home/ccdevs/.cache/firebase/emulators/ui-v1.15.0/client
[debug] [2025-10-07T01:13:13.681Z] [unzip] deflating: /home/ccdevs/.cache/firebase/emulators/ui-v1.15.0/client/android-chrome-512x512.png
[debug] [2025-10-07T01:13:13.684Z] [unzip] Entry: client/manifest.json (compressed_size=245 bytes, uncompressed_size=551 bytes)
[debug] [2025-10-07T01:13:13.684Z] [unzip] Processing entry: client/manifest.json
[debug] [2025-10-07T01:13:13.684Z] [unzip] else mkdir: /home/ccdevs/.cache/firebase/emulators/ui-v1.15.0/client
[debug] [2025-10-07T01:13:13.684Z] [unzip] deflating: /home/ccdevs/.cache/firebase/emulators/ui-v1.15.0/client/manifest.json
[debug] [2025-10-07T01:13:13.691Z] [unzip] Entry: client/robots.txt (compressed_size=26 bytes, uncompressed_size=26 bytes)
[debug] [2025-10-07T01:13:13.691Z] [unzip] Processing entry: client/robots.txt
[debug] [2025-10-07T01:13:13.691Z] [unzip] else mkdir: /home/ccdevs/.cache/firebase/emulators/ui-v1.15.0/client
[debug] [2025-10-07T01:13:13.691Z] [unzip] Writing file: /home/ccdevs/.cache/firebase/emulators/ui-v1.15.0/client/robots.txt
[debug] [2025-10-07T01:13:13.692Z] [unzip] Entry: client/mstile-150x150.png (compressed_size=2034 bytes, uncompressed_size=2034 bytes)
[debug] [2025-10-07T01:13:13.692Z] [unzip] Processing entry: client/mstile-150x150.png
[debug] [2025-10-07T01:13:13.692Z] [unzip] else mkdir: /home/ccdevs/.cache/firebase/emulators/ui-v1.15.0/client
[debug] [2025-10-07T01:13:13.693Z] [unzip] Writing file: /home/ccdevs/.cache/firebase/emulators/ui-v1.15.0/client/mstile-150x150.png
[debug] [2025-10-07T01:13:13.693Z] [unzip] Entry: client/assets/ (compressed_size=0 bytes, uncompressed_size=0 bytes)
[debug] [2025-10-07T01:13:13.694Z] [unzip] Processing entry: client/assets/
[debug] [2025-10-07T01:13:13.694Z] [unzip] mkdir: /home/ccdevs/.cache/firebase/emulators/ui-v1.15.0/client/assets/
[debug] [2025-10-07T01:13:13.696Z] [unzip] Entry: client/assets/index-BX-A56oj.js (compressed_size=582089 bytes, uncompressed_size=2092775 bytes)
[debug] [2025-10-07T01:13:13.696Z] [unzip] Processing entry: client/assets/index-BX-A56oj.js
[debug] [2025-10-07T01:13:13.696Z] [unzip] else mkdir: /home/ccdevs/.cache/firebase/emulators/ui-v1.15.0/client/assets
[debug] [2025-10-07T01:13:13.697Z] [unzip] deflating: /home/ccdevs/.cache/firebase/emulators/ui-v1.15.0/client/assets/index-BX-A56oj.js
[debug] [2025-10-07T01:13:13.742Z] [unzip] Entry: client/assets/index-CjB9C900.css (compressed_size=35979 bytes, uncompressed_size=298654 bytes)
[debug] [2025-10-07T01:13:13.742Z] [unzip] Processing entry: client/assets/index-CjB9C900.css
[debug] [2025-10-07T01:13:13.742Z] [unzip] else mkdir: /home/ccdevs/.cache/firebase/emulators/ui-v1.15.0/client/assets
[debug] [2025-10-07T01:13:13.743Z] [unzip] deflating: /home/ccdevs/.cache/firebase/emulators/ui-v1.15.0/client/assets/index-CjB9C900.css
[debug] [2025-10-07T01:13:13.747Z] [unzip] Entry: client/assets/index-BX-A56oj.js.map (compressed_size=2362482 bytes, uncompressed_size=10036679 bytes)
[debug] [2025-10-07T01:13:13.747Z] [unzip] Processing entry: client/assets/index-BX-A56oj.js.map
[debug] [2025-10-07T01:13:13.747Z] [unzip] else mkdir: /home/ccdevs/.cache/firebase/emulators/ui-v1.15.0/client/assets
[debug] [2025-10-07T01:13:13.748Z] [unzip] deflating: /home/ccdevs/.cache/firebase/emulators/ui-v1.15.0/client/assets/index-BX-A56oj.js.map
[debug] [2025-10-07T01:13:13.967Z] [unzip] Entry: client/assets/extensions/ (compressed_size=0 bytes, uncompressed_size=0 bytes)
[debug] [2025-10-07T01:13:13.967Z] [unzip] Processing entry: client/assets/extensions/
[debug] [2025-10-07T01:13:13.967Z] [unzip] mkdir: /home/ccdevs/.cache/firebase/emulators/ui-v1.15.0/client/assets/extensions/
[debug] [2025-10-07T01:13:13.968Z] [unzip] Entry: client/assets/extensions/default-extension.png (compressed_size=1646 bytes, uncompressed_size=1657 bytes)
[debug] [2025-10-07T01:13:13.968Z] [unzip] Processing entry: client/assets/extensions/default-extension.png
[debug] [2025-10-07T01:13:13.968Z] [unzip] else mkdir: /home/ccdevs/.cache/firebase/emulators/ui-v1.15.0/client/assets/extensions
[debug] [2025-10-07T01:13:13.968Z] [unzip] deflating: /home/ccdevs/.cache/firebase/emulators/ui-v1.15.0/client/assets/extensions/default-extension.png
[debug] [2025-10-07T01:13:13.971Z] [unzip] Entry: client/assets/img/ (compressed_size=0 bytes, uncompressed_size=0 bytes)
[debug] [2025-10-07T01:13:13.971Z] [unzip] Processing entry: client/assets/img/
[debug] [2025-10-07T01:13:13.971Z] [unzip] mkdir: /home/ccdevs/.cache/firebase/emulators/ui-v1.15.0/client/assets/img/
[debug] [2025-10-07T01:13:13.972Z] [unzip] Entry: client/assets/img/database.png (compressed_size=29449 bytes, uncompressed_size=29988 bytes)
[debug] [2025-10-07T01:13:13.972Z] [unzip] Processing entry: client/assets/img/database.png
[debug] [2025-10-07T01:13:13.972Z] [unzip] else mkdir: /home/ccdevs/.cache/firebase/emulators/ui-v1.15.0/client/assets/img
[debug] [2025-10-07T01:13:13.972Z] [unzip] deflating: /home/ccdevs/.cache/firebase/emulators/ui-v1.15.0/client/assets/img/database.png
[debug] [2025-10-07T01:13:13.975Z] [unzip] Entry: client/assets/provider-icons/ (compressed_size=0 bytes, uncompressed_size=0 bytes)
[debug] [2025-10-07T01:13:13.975Z] [unzip] Processing entry: client/assets/provider-icons/
[debug] [2025-10-07T01:13:13.975Z] [unzip] mkdir: /home/ccdevs/.cache/firebase/emulators/ui-v1.15.0/client/assets/provider-icons/
[debug] [2025-10-07T01:13:13.976Z] [unzip] Entry: client/assets/provider-icons/auth_service_saml.svg (compressed_size=575 bytes, uncompressed_size=1226 bytes)
[debug] [2025-10-07T01:13:13.976Z] [unzip] Processing entry: client/assets/provider-icons/auth_service_saml.svg
[debug] [2025-10-07T01:13:13.976Z] [unzip] else mkdir: /home/ccdevs/.cache/firebase/emulators/ui-v1.15.0/client/assets/provider-icons
[debug] [2025-10-07T01:13:13.976Z] [unzip] deflating: /home/ccdevs/.cache/firebase/emulators/ui-v1.15.0/client/assets/provider-icons/auth_service_saml.svg
[debug] [2025-10-07T01:13:13.979Z] [unzip] Entry: client/assets/provider-icons/auth_service_phone.svg (compressed_size=261 bytes, uncompressed_size=414 bytes)
[debug] [2025-10-07T01:13:13.980Z] [unzip] Processing entry: client/assets/provider-icons/auth_service_phone.svg
[debug] [2025-10-07T01:13:13.980Z] [unzip] else mkdir: /home/ccdevs/.cache/firebase/emulators/ui-v1.15.0/client/assets/provider-icons
[debug] [2025-10-07T01:13:13.980Z] [unzip] deflating: /home/ccdevs/.cache/firebase/emulators/ui-v1.15.0/client/assets/provider-icons/auth_service_phone.svg
[debug] [2025-10-07T01:13:13.983Z] [unzip] Entry: client/assets/provider-icons/auth_service_facebook.svg (compressed_size=289 bytes, uncompressed_size=457 bytes)
[debug] [2025-10-07T01:13:13.984Z] [unzip] Processing entry: client/assets/provider-icons/auth_service_facebook.svg
[debug] [2025-10-07T01:13:13.984Z] [unzip] else mkdir: /home/ccdevs/.cache/firebase/emulators/ui-v1.15.0/client/assets/provider-icons
[debug] [2025-10-07T01:13:13.988Z] [unzip] deflating: /home/ccdevs/.cache/firebase/emulators/ui-v1.15.0/client/assets/provider-icons/auth_service_facebook.svg
[debug] [2025-10-07T01:13:13.989Z] [unzip] Entry: client/assets/provider-icons/auth_service_game_center.svg (compressed_size=991 bytes, uncompressed_size=3921 bytes)
[debug] [2025-10-07T01:13:13.989Z] [unzip] Processing entry: client/assets/provider-icons/auth_service_game_center.svg
[debug] [2025-10-07T01:13:13.989Z] [unzip] else mkdir: /home/ccdevs/.cache/firebase/emulators/ui-v1.15.0/client/assets/provider-icons
[debug] [2025-10-07T01:13:13.990Z] [unzip] deflating: /home/ccdevs/.cache/firebase/emulators/ui-v1.15.0/client/assets/provider-icons/auth_service_game_center.svg
[debug] [2025-10-07T01:13:13.994Z] [unzip] Entry: client/assets/provider-icons/auth_service_apple.svg (compressed_size=230 bytes, uncompressed_size=334 bytes)
[debug] [2025-10-07T01:13:13.994Z] [unzip] Processing entry: client/assets/provider-icons/auth_service_apple.svg
[debug] [2025-10-07T01:13:13.994Z] [unzip] else mkdir: /home/ccdevs/.cache/firebase/emulators/ui-v1.15.0/client/assets/provider-icons
[debug] [2025-10-07T01:13:13.995Z] [unzip] deflating: /home/ccdevs/.cache/firebase/emulators/ui-v1.15.0/client/assets/provider-icons/auth_service_apple.svg
[debug] [2025-10-07T01:13:13.998Z] [unzip] Entry: client/assets/provider-icons/auth_service_github.svg (compressed_size=466 bytes, uncompressed_size=838 bytes)
[debug] [2025-10-07T01:13:13.998Z] [unzip] Processing entry: client/assets/provider-icons/auth_service_github.svg
[debug] [2025-10-07T01:13:13.998Z] [unzip] else mkdir: /home/ccdevs/.cache/firebase/emulators/ui-v1.15.0/client/assets/provider-icons
[debug] [2025-10-07T01:13:13.999Z] [unzip] deflating: /home/ccdevs/.cache/firebase/emulators/ui-v1.15.0/client/assets/provider-icons/auth_service_github.svg
[debug] [2025-10-07T01:13:14.001Z] [unzip] Entry: client/assets/provider-icons/auth_service_mslive.svg (compressed_size=203 bytes, uncompressed_size=378 bytes)
[debug] [2025-10-07T01:13:14.001Z] [unzip] Processing entry: client/assets/provider-icons/auth_service_mslive.svg
[debug] [2025-10-07T01:13:14.001Z] [unzip] else mkdir: /home/ccdevs/.cache/firebase/emulators/ui-v1.15.0/client/assets/provider-icons
[debug] [2025-10-07T01:13:14.002Z] [unzip] deflating: /home/ccdevs/.cache/firebase/emulators/ui-v1.15.0/client/assets/provider-icons/auth_service_mslive.svg
[debug] [2025-10-07T01:13:14.003Z] [unzip] Entry: client/assets/provider-icons/auth_service_yahoo.svg (compressed_size=577 bytes, uncompressed_size=1182 bytes)
[debug] [2025-10-07T01:13:14.004Z] [unzip] Processing entry: client/assets/provider-icons/auth_service_yahoo.svg
[debug] [2025-10-07T01:13:14.004Z] [unzip] else mkdir: /home/ccdevs/.cache/firebase/emulators/ui-v1.15.0/client/assets/provider-icons
[debug] [2025-10-07T01:13:14.004Z] [unzip] deflating: /home/ccdevs/.cache/firebase/emulators/ui-v1.15.0/client/assets/provider-icons/auth_service_yahoo.svg
[debug] [2025-10-07T01:13:14.007Z] [unzip] Entry: client/assets/provider-icons/auth_service_twitter.svg (compressed_size=444 bytes, uncompressed_size=751 bytes)
[debug] [2025-10-07T01:13:14.007Z] [unzip] Processing entry: client/assets/provider-icons/auth_service_twitter.svg
[debug] [2025-10-07T01:13:14.007Z] [unzip] else mkdir: /home/ccdevs/.cache/firebase/emulators/ui-v1.15.0/client/assets/provider-icons
[debug] [2025-10-07T01:13:14.008Z] [unzip] deflating: /home/ccdevs/.cache/firebase/emulators/ui-v1.15.0/client/assets/provider-icons/auth_service_twitter.svg
[debug] [2025-10-07T01:13:14.010Z] [unzip] Entry: client/assets/provider-icons/auth_service_play_games.svg (compressed_size=565 bytes, uncompressed_size=1173 bytes)
[debug] [2025-10-07T01:13:14.010Z] [unzip] Processing entry: client/assets/provider-icons/auth_service_play_games.svg
[debug] [2025-10-07T01:13:14.010Z] [unzip] else mkdir: /home/ccdevs/.cache/firebase/emulators/ui-v1.15.0/client/assets/provider-icons
[debug] [2025-10-07T01:13:14.011Z] [unzip] deflating: /home/ccdevs/.cache/firebase/emulators/ui-v1.15.0/client/assets/provider-icons/auth_service_play_games.svg
[debug] [2025-10-07T01:13:14.012Z] [unzip] Entry: client/assets/provider-icons/auth_service_email.svg (compressed_size=228 bytes, uncompressed_size=326 bytes)
[debug] [2025-10-07T01:13:14.012Z] [unzip] Processing entry: client/assets/provider-icons/auth_service_email.svg
[debug] [2025-10-07T01:13:14.013Z] [unzip] else mkdir: /home/ccdevs/.cache/firebase/emulators/ui-v1.15.0/client/assets/provider-icons
[debug] [2025-10-07T01:13:14.013Z] [unzip] deflating: /home/ccdevs/.cache/firebase/emulators/ui-v1.15.0/client/assets/provider-icons/auth_service_email.svg
[debug] [2025-10-07T01:13:14.014Z] [unzip] Entry: client/assets/provider-icons/auth_service_google.svg (compressed_size=409 bytes, uncompressed_size=720 bytes)
[debug] [2025-10-07T01:13:14.014Z] [unzip] Processing entry: client/assets/provider-icons/auth_service_google.svg
[debug] [2025-10-07T01:13:14.014Z] [unzip] else mkdir: /home/ccdevs/.cache/firebase/emulators/ui-v1.15.0/client/assets/provider-icons
[debug] [2025-10-07T01:13:14.014Z] [unzip] deflating: /home/ccdevs/.cache/firebase/emulators/ui-v1.15.0/client/assets/provider-icons/auth_service_google.svg
[debug] [2025-10-07T01:13:14.016Z] [unzip] Entry: client/assets/provider-icons/auth_service_oidc.svg (compressed_size=414 bytes, uncompressed_size=858 bytes)
[debug] [2025-10-07T01:13:14.016Z] [unzip] Processing entry: client/assets/provider-icons/auth_service_oidc.svg
[debug] [2025-10-07T01:13:14.016Z] [unzip] else mkdir: /home/ccdevs/.cache/firebase/emulators/ui-v1.15.0/client/assets/provider-icons
[debug] [2025-10-07T01:13:14.016Z] [unzip] deflating: /home/ccdevs/.cache/firebase/emulators/ui-v1.15.0/client/assets/provider-icons/auth_service_oidc.svg
[debug] [2025-10-07T01:13:14.017Z] [unzip] Entry: client/browserconfig.xml (compressed_size=491 bytes, uncompressed_size=822 bytes)
[debug] [2025-10-07T01:13:14.018Z] [unzip] Processing entry: client/browserconfig.xml
[debug] [2025-10-07T01:13:14.018Z] [unzip] else mkdir: /home/ccdevs/.cache/firebase/emulators/ui-v1.15.0/client
[debug] [2025-10-07T01:13:14.018Z] [unzip] deflating: /home/ccdevs/.cache/firebase/emulators/ui-v1.15.0/client/browserconfig.xml
[debug] [2025-10-07T01:13:14.019Z] [unzip] Entry: client/favicon-32x32.png (compressed_size=475 bytes, uncompressed_size=475 bytes)
[debug] [2025-10-07T01:13:14.020Z] [unzip] Processing entry: client/favicon-32x32.png
[debug] [2025-10-07T01:13:14.020Z] [unzip] else mkdir: /home/ccdevs/.cache/firebase/emulators/ui-v1.15.0/client
[debug] [2025-10-07T01:13:14.020Z] [unzip] Writing file: /home/ccdevs/.cache/firebase/emulators/ui-v1.15.0/client/favicon-32x32.png
[debug] [2025-10-07T01:13:14.021Z] [unzip] Entry: server/ (compressed_size=0 bytes, uncompressed_size=0 bytes)
[debug] [2025-10-07T01:13:14.021Z] [unzip] Processing entry: server/
[debug] [2025-10-07T01:13:14.021Z] [unzip] mkdir: /home/ccdevs/.cache/firebase/emulators/ui-v1.15.0/server/
[debug] [2025-10-07T01:13:14.022Z] [unzip] Entry: server/server.mjs.map (compressed_size=217845 bytes, uncompressed_size=944978 bytes)
[debug] [2025-10-07T01:13:14.022Z] [unzip] Processing entry: server/server.mjs.map
[debug] [2025-10-07T01:13:14.022Z] [unzip] else mkdir: /home/ccdevs/.cache/firebase/emulators/ui-v1.15.0/server
[debug] [2025-10-07T01:13:14.022Z] [unzip] deflating: /home/ccdevs/.cache/firebase/emulators/ui-v1.15.0/server/server.mjs.map
[debug] [2025-10-07T01:13:14.034Z] [unzip] Entry: server/server.mjs (compressed_size=276407 bytes, uncompressed_size=933701 bytes)
[debug] [2025-10-07T01:13:14.035Z] [unzip] Processing entry: server/server.mjs
[debug] [2025-10-07T01:13:14.035Z] [unzip] else mkdir: /home/ccdevs/.cache/firebase/emulators/ui-v1.15.0/server
[debug] [2025-10-07T01:13:14.035Z] [unzip] deflating: /home/ccdevs/.cache/firebase/emulators/ui-v1.15.0/server/server.mjs
[debug] [2025-10-07T01:13:14.056Z] Could not find VSCode notification endpoint: FetchError: request to http://localhost:40001/vscode/notify failed, reason: connect ECONNREFUSED 127.0.0.1:40001. If you are not running the Firebase Data Connect VSCode extension, this is expected and not an issue.
[info] 
┌─────────────────────────────────────────────────────────────┐
│ ✔  All emulators ready! It is now safe to connect your app. │
│ i  View Emulator UI at http://127.0.0.1:4000/               │
└─────────────────────────────────────────────────────────────┘

┌────────────────┬────────────────┬─────────────────────────────────┐
│ Emulator       │ Host:Port      │ View in Emulator UI             │
├────────────────┼────────────────┼─────────────────────────────────┤
│ Authentication │ 127.0.0.1:9099 │ http://127.0.0.1:4000/auth      │
├────────────────┼────────────────┼─────────────────────────────────┤
│ Firestore      │ 127.0.0.1:8080 │ http://127.0.0.1:4000/firestore │
└────────────────┴────────────────┴─────────────────────────────────┘
  Emulator Hub host: 127.0.0.1 port: 4400
  Other reserved ports: 4500, 9150

Issues? Report them at https://github.com/firebase/firebase-tools/issues and attach the *-debug.log files.
 
[debug] [2025-10-07T01:13:31.835Z] Oct 07, 2025 9:13:31 AM com.google.cloud.datastore.emulator.firestore.websocket.WebSocketChannelHandler initChannel
INFO: Connected to new websocket client
 {"metadata":{"emulator":{"name":"firestore"},"message":"Oct 07, 2025 9:13:31 AM com.google.cloud.datastore.emulator.firestore.websocket.WebSocketChannelHandler initChannel\nINFO: Connected to new websocket client\n"}}
[debug] [2025-10-07T01:14:05.517Z] Oct 07, 2025 9:14:05 AM io.gapi.emulators.netty.HttpVersionRoutingHandler channelRead
INFO: Detected non-HTTP/2 connection.
 {"metadata":{"emulator":{"name":"firestore"},"message":"Oct 07, 2025 9:14:05 AM io.gapi.emulators.netty.HttpVersionRoutingHandler channelRead\nINFO: Detected non-HTTP/2 connection.\n"}}
[debug] [2025-10-07T01:14:05.756Z] Oct 07, 2025 9:14:05 AM io.gapi.emulators.netty.HttpVersionRoutingHandler channelRead
INFO: Detected HTTP/2 connection.
 {"metadata":{"emulator":{"name":"firestore"},"message":"Oct 07, 2025 9:14:05 AM io.gapi.emulators.netty.HttpVersionRoutingHandler channelRead\nINFO: Detected HTTP/2 connection.\n"}}
